{"/Users/diegodiaz/Documents/intiveEjercicio/intiveejercicio/src/common/calculateAge.js": {"path":"/Users/diegodiaz/Documents/intiveEjercicio/intiveejercicio/src/common/calculateAge.js","statementMap":{"0":{"start":{"line":3,"column":19},"end":{"line":3,"column":50}},"1":{"start":{"line":4,"column":18},"end":{"line":4,"column":36}},"2":{"start":{"line":5,"column":2},"end":{"line":5,"column":51}}},"fnMap":{"0":{"name":"calculateAge","decl":{"start":{"line":2,"column":24},"end":{"line":2,"column":36}},"loc":{"start":{"line":2,"column":47},"end":{"line":6,"column":1}},"line":2}},"branchMap":{},"s":{"0":1,"1":1,"2":1},"f":{"0":1},"b":{},"_coverageSchema":"43e27e138ebf9cfc5966b082cf9a028302ed4184","hash":"56f96a3cf31f9af1837b8265333fd350e9990c2e"}
,"/Users/diegodiaz/Documents/intiveEjercicio/intiveejercicio/src/common/selectors/getPositions.js": {"path":"/Users/diegodiaz/Documents/intiveEjercicio/intiveejercicio/src/common/selectors/getPositions.js","statementMap":{"0":{"start":{"line":3,"column":2},"end":{"line":4,"column":45}},"1":{"start":{"line":3,"column":37},"end":{"line":3,"column":47}},"2":{"start":{"line":4,"column":24},"end":{"line":4,"column":42}}},"fnMap":{"0":{"name":"getPositions","decl":{"start":{"line":2,"column":24},"end":{"line":2,"column":36}},"loc":{"start":{"line":2,"column":43},"end":{"line":5,"column":1}},"line":2},"1":{"name":"(anonymous_1)","decl":{"start":{"line":3,"column":30},"end":{"line":3,"column":31}},"loc":{"start":{"line":3,"column":37},"end":{"line":3,"column":47}},"line":3},"2":{"name":"(anonymous_2)","decl":{"start":{"line":4,"column":16},"end":{"line":4,"column":17}},"loc":{"start":{"line":4,"column":24},"end":{"line":4,"column":42}},"line":4}},"branchMap":{},"s":{"0":1,"1":4,"2":3},"f":{"0":1,"1":4,"2":3},"b":{},"_coverageSchema":"43e27e138ebf9cfc5966b082cf9a028302ed4184","hash":"7509aa39b759b92b087ef2862ebf9bf579ce8b0e"}
}
